0 info it worked if it ends with ok
1 verbose cli [ 'node', '/usr/local/bin/npm', 'publish' ]
2 info using npm@2.1.3
3 info using node@v0.10.32
4 verbose node symlink /usr/local/bin/node
5 verbose publish [ '.' ]
6 silly cache add args [ '.', null ]
7 verbose cache add spec .
8 silly cache add parsed spec { raw: '.',
8 silly cache add   scope: null,
8 silly cache add   name: null,
8 silly cache add   rawSpec: '.',
8 silly cache add   spec: '/Users/rob/Github/resolve',
8 silly cache add   type: 'directory' }
9 verbose tar pack [ '/Users/rob/.npm/resolve/0.1.0/package.tgz',
9 verbose tar pack   '/Users/rob/Github/resolve' ]
10 verbose tarball /Users/rob/.npm/resolve/0.1.0/package.tgz
11 verbose folder /Users/rob/Github/resolve
12 info prepublish resolve@0.1.0
13 verbose addLocalTarball adding from inside cache /Users/rob/.npm/resolve/0.1.0/package.tgz
14 verbose afterAdd /Users/rob/.npm/resolve/0.1.0/package/package.json not in flight; writing
15 silly publish { name: 'resolve',
15 silly publish   author: { name: 'Rob Robbins', email: 'rob.robb.ns@gmail.com' },
15 silly publish   description: 'Backbone minus the View Class and $.',
15 silly publish   licenses: [ { type: 'MIT' } ],
15 silly publish   version: '0.1.0',
15 silly publish   engines: { node: '>=0.2.6' },
15 silly publish   main: './dist/resolve',
15 silly publish   devDependencies:
15 silly publish    { gulp: '~3.8.8',
15 silly publish      'gulp-concat': '~2.4.1',
15 silly publish      'gulp-jasmine': '~1.0.1',
15 silly publish      underscore: '~1.7.0',
15 silly publish      request: '2.48.0' },
15 silly publish   repository: { type: 'git', url: 'https://github.com/robrobbins/resolve' },
15 silly publish   readme: 'resolve\n=======\n\n#####Backbone - View - jQuery .\n\n## coming soon...\nwords.\n',
15 silly publish   readmeFilename: 'README.md',
15 silly publish   gitHead: 'fb4e1f46b42c626b5f726add06155fd33685aac7',
15 silly publish   bugs: { url: 'https://github.com/robrobbins/resolve/issues' },
15 silly publish   homepage: 'https://github.com/robrobbins/resolve',
15 silly publish   _id: 'resolve@0.1.0',
15 silly publish   scripts: {},
15 silly publish   _shasum: 'b559af2e7c84c989577c4ccd2540286d07bde863',
15 silly publish   _from: '.' }
16 verbose mapToRegistry name resolve
17 verbose mapToRegistry uri https://registry.npmjs.org/resolve
18 verbose publish registryBase https://registry.npmjs.org/
19 verbose request on initialization, where is /resolve
20 verbose request after pass 1, where is /resolve
21 verbose request url raw /resolve
22 verbose request resolving registry [ 'https://registry.npmjs.org/', './resolve' ]
23 verbose request after pass 2, where is https://registry.npmjs.org/resolve
24 verbose request sending authorization for write operation
25 info attempt registry request try #1 at 11:13:18
26 verbose request id 4246f5b85bb7829e
27 http request PUT https://registry.npmjs.org/resolve
28 http 403 https://registry.npmjs.org/resolve
29 verbose headers { date: 'Fri, 16 Jan 2015 18:13:19 GMT',
29 verbose headers   server: 'CouchDB/1.5.0 (Erlang OTP/R16B03)',
29 verbose headers   'content-type': 'application/json',
29 verbose headers   'cache-control': 'max-age=60',
29 verbose headers   'content-length': '2506',
29 verbose headers   'accept-ranges': 'bytes',
29 verbose headers   via: '1.1 varnish',
29 verbose headers   'x-served-by': 'cache-lax1432-LAX',
29 verbose headers   'x-cache': 'MISS',
29 verbose headers   'x-cache-hits': '0',
29 verbose headers   'x-timer': 'S1421431999.086557,VS0,VE145',
29 verbose headers   'keep-alive': 'timeout=10, max=50',
29 verbose headers   connection: 'Keep-Alive' }
30 error publish Failed PUT 403
31 verbose stack Error: forbidden cannot modify pre-existing version: 0.1.0
31 verbose stack old={"name":"resolve","description":"A more hookable require.resolve() implementation","version":"0.1.0","repository":{"type":"git","url":"git://github.com/substack/node-resolve.git"},"main":"index.js","keywords":["resolve","require","node","module"],"directories":{"lib":".","example":"example","test":"test"},"scripts":{"test":"expresso"},"dependencies":{},"devDependencies":{"expresso":"=0.7.x"},"engines":{"node":">=0.4.0"},"license":"MIT","author":{"name":"James Halliday","email":"mail@substack.net","url":"http://substack.net"},"_npmJsonOpts":{"file":"/home/substack/.npm/resolve/0.1.0/package/package.json","wscript":false,"contributors":false,"serverjs":false},"_id":"resolve@0.1.0","_engineSupported":true,"_npmVersion":"1.0.30","_nodeVersion":"v0.4.12","_defaultsLoaded":true,"dist":{"shasum":"de35cfc7e7048e566f99056ad0b06d7cce8d49cb","tarball":"http://registry.npmjs.org/resolve/-/resolve-0.1.0.tgz"},"maintainers":[{"name":"substack","email":"mail@substack.net"}]}
31 verbose stack new={"name":"resolve","author":{"name":"Rob Robbins","email":"rob.robb.ns@gmail.com"},"description":"Backbone minus the View Class and $.","licenses":[{"type":"MIT"}],"version":"0.1.0","engines":{"node":">=0.2.6"},"main":"./dist/resolve","devDependencies":{"gulp":"~3.8.8","gulp-concat":"~2.4.1","gulp-jasmine":"~1.0.1","underscore":"~1.7.0","request":"2.48.0"},"repository":{"type":"git","url":"https://github.com/robrobbins/resolve"},"readme":"resolve\u000a=======\u000a\u000a#####Backbone - View - jQuery .\u000a\u000a## coming soon...\u000awords.\u000a","readmeFilename":"README.md","gitHead":"fb4e1f46b42c626b5f726add06155fd33685aac7","bugs":{"url":"https://github.com/robrobbins/resolve/issues"},"homepage":"https://github.com/robrobbins/resolve","_id":"resolve@0.1.0","scripts":{},"_shasum":"b559af2e7c84c989577c4ccd2540286d07bde863","_from":".","_npmVersion":"2.1.3","_nodeVersion":"0.10.32","_npmUser":{"name":"rob.robb.ns","email":"mail@robrobbins.info"},"maintainers":[{"name":"rob.robb.ns","email":"mail@robrobbins.info"}],"dist":{"shasum":"b559af2e7c84c989577c4ccd2540286d07bde863","tarball":"http://registry.npmjs.org/resolve/-/resolve-0.1.0.tgz"}}: resolve
31 verbose stack     at RegClient.<anonymous> (/usr/local/lib/node_modules/npm/node_modules/npm-registry-client/lib/request.js:260:14)
31 verbose stack     at Request._callback (/usr/local/lib/node_modules/npm/node_modules/npm-registry-client/lib/request.js:197:65)
31 verbose stack     at Request.self.callback (/usr/local/lib/node_modules/npm/node_modules/request/request.js:237:22)
31 verbose stack     at Request.emit (events.js:98:17)
31 verbose stack     at Request.<anonymous> (/usr/local/lib/node_modules/npm/node_modules/request/request.js:1146:14)
31 verbose stack     at Request.emit (events.js:117:20)
31 verbose stack     at IncomingMessage.<anonymous> (/usr/local/lib/node_modules/npm/node_modules/request/request.js:1097:12)
31 verbose stack     at IncomingMessage.emit (events.js:117:20)
31 verbose stack     at _stream_readable.js:943:16
31 verbose stack     at process._tickCallback (node.js:419:13)
32 verbose statusCode 403
33 verbose pkgid resolve
34 verbose cwd /Users/rob/Github/resolve
35 error Darwin 14.0.0
36 error argv "node" "/usr/local/bin/npm" "publish"
37 error node v0.10.32
38 error npm  v2.1.3
39 error code E403
40 error forbidden cannot modify pre-existing version: 0.1.0
40 error old={"name":"resolve","description":"A more hookable require.resolve() implementation","version":"0.1.0","repository":{"type":"git","url":"git://github.com/substack/node-resolve.git"},"main":"index.js","keywords":["resolve","require","node","module"],"directories":{"lib":".","example":"example","test":"test"},"scripts":{"test":"expresso"},"dependencies":{},"devDependencies":{"expresso":"=0.7.x"},"engines":{"node":">=0.4.0"},"license":"MIT","author":{"name":"James Halliday","email":"mail@substack.net","url":"http://substack.net"},"_npmJsonOpts":{"file":"/home/substack/.npm/resolve/0.1.0/package/package.json","wscript":false,"contributors":false,"serverjs":false},"_id":"resolve@0.1.0","_engineSupported":true,"_npmVersion":"1.0.30","_nodeVersion":"v0.4.12","_defaultsLoaded":true,"dist":{"shasum":"de35cfc7e7048e566f99056ad0b06d7cce8d49cb","tarball":"http://registry.npmjs.org/resolve/-/resolve-0.1.0.tgz"},"maintainers":[{"name":"substack","email":"mail@substack.net"}]}
40 error new={"name":"resolve","author":{"name":"Rob Robbins","email":"rob.robb.ns@gmail.com"},"description":"Backbone minus the View Class and $.","licenses":[{"type":"MIT"}],"version":"0.1.0","engines":{"node":">=0.2.6"},"main":"./dist/resolve","devDependencies":{"gulp":"~3.8.8","gulp-concat":"~2.4.1","gulp-jasmine":"~1.0.1","underscore":"~1.7.0","request":"2.48.0"},"repository":{"type":"git","url":"https://github.com/robrobbins/resolve"},"readme":"resolve\u000a=======\u000a\u000a#####Backbone - View - jQuery .\u000a\u000a## coming soon...\u000awords.\u000a","readmeFilename":"README.md","gitHead":"fb4e1f46b42c626b5f726add06155fd33685aac7","bugs":{"url":"https://github.com/robrobbins/resolve/issues"},"homepage":"https://github.com/robrobbins/resolve","_id":"resolve@0.1.0","scripts":{},"_shasum":"b559af2e7c84c989577c4ccd2540286d07bde863","_from":".","_npmVersion":"2.1.3","_nodeVersion":"0.10.32","_npmUser":{"name":"rob.robb.ns","email":"mail@robrobbins.info"},"maintainers":[{"name":"rob.robb.ns","email":"mail@robrobbins.info"}],"dist":{"shasum":"b559af2e7c84c989577c4ccd2540286d07bde863","tarball":"http://registry.npmjs.org/resolve/-/resolve-0.1.0.tgz"}}: resolve
41 error If you need help, you may report this error at:
41 error     <http://github.com/npm/npm/issues>
42 verbose exit [ 1, true ]
